<?xml version="1.0" encoding="UTF-8"?>
<!-- Generated by org.testng.reporters.JUnitReportReporter -->
<testsuite hostname="Praful" failures="0" tests="1" name="testLayer.LoginPageTest" time="0.893" errors="0" timestamp="2025-05-20T20:49:40 IST" skipped="0">
  <testcase classname="testLayer.LoginPageTest" name="validateLoginFunctionality" time="0.893"/>
  <system-out/>
</testsuite> <!-- testLayer.LoginPageTest -->
