<?xml version="1.0" encoding="UTF-8"?>
<!-- Generated by org.testng.reporters.JUnitReportReporter -->
<testsuite hostname="Praful" failures="0" tests="1" name="testLayer.ContactPageTest" time="6.879" errors="0" timestamp="2025-05-20T20:49:40 IST" skipped="0">
  <testcase classname="testLayer.ContactPageTest" name="validateNewContactFunctionality" time="6.879"/>
  <system-out/>
</testsuite> <!-- testLayer.ContactPageTest -->
