<?xml version="1.0" encoding="UTF-8"?>
<!-- Generated by org.testng.reporters.JUnitReportReporter -->
<testsuite hostname="DESKTOP-I1R43B7" failures="0" tests="1" name="testLayer.LoginPageTest" time="3.958" errors="0" timestamp="2025-07-07T18:22:29 IST" skipped="0">
  <testcase classname="testLayer.LoginPageTest" name="validateLoginFunctionality" time="3.958"/>
</testsuite> <!-- testLayer.LoginPageTest -->
